#
# A fatal error has been detected by the Java Runtime Environment:
#
#  Internal Error (0xc06d007e), pid=25976, tid=0x00000000000042b0
#
# JRE version: Java(TM) SE Runtime Environment (8.0_181-b13) (build 1.8.0_181-b13)
# Java VM: Java HotSpot(TM) 64-Bit Server VM (25.181-b13 mixed mode windows-amd64 compressed oops)
# Problematic frame:
# C  [KERNELBASE.dll+0x43b29]
#
# Failed to write core dump. Minidumps are not enabled by default on client versions of Windows
#
# If you would like to submit a bug report, please visit:
#   http://bugreport.java.com/bugreport/crash.jsp
# The crash happened outside the Java Virtual Machine in native code.
# See problematic frame for where to report the bug.
#

---------------  T H R E A D  ---------------

Current thread (0x00000000023d3800):  JavaThread "main" [_thread_in_native, id=17072, stack(0x00000000020b0000,0x00000000021b0000)]

siginfo: ExceptionCode=0xc06d007e, ExceptionInformation=0x00000000021ab1c0 

Registers:
RAX=0x0000000000000001, RBX=0x0000000000000000, RCX=0x0000000000800000, RDX=0x01d4de0e00000080
RSP=0x00000000021ab0c0, RBP=0x00000000021ab218, RSI=0x00000000745831c0, RDI=0x0000000000000000
R8 =0x00000000021ab010, R9 =0x000000007ffe0384, R10=0x000000007ffe0385, R11=0x0000000000000040
R12=0x0000000000000004, R13=0x0000000074586370, R14=0x0000000074586108, R15=0x0000000074583428
RIP=0x00007ffb99c23b29, EFLAGS=0x0000000000000206

Top of Stack: (sp=0x00000000021ab0c0)
0x00000000021ab0c0:   0000000074586370 0000000000000000
0x00000000021ab0d0:   00000000745831c0 0000000000000000
0x00000000021ab0e0:   00000000c06d007e 0000000000000000
0x00000000021ab0f0:   00007ffb99c23b29 00007ffb00000001
0x00000000021ab100:   00000000021ab1c0 00000000745831c0
0x00000000021ab110:   0000000000000000 0000000000000000
0x00000000021ab120:   0000000000000000 00007ffb99c37170
0x00000000021ab130:   0000000000000000 00000000745831c0
0x00000000021ab140:   00000000169e31a8 0000000000000000
0x00000000021ab150:   0000000000000000 0000000000000000
0x00000000021ab160:   0000000074582670 00007ffb99c3672f
0x00000000021ab170:   0000000000000000 0000000002210000
0x00000000021ab180:   0000510707246fe3 00007ffb9be1b4bb
0x00000000021ab190:   0000000000000000 000000007457f133
0x00000000021ab1a0:   0000000000000000 00000000745831c0
0x00000000021ab1b0:   00000000022104e8 00000000021ab1c0 

Instructions: (pc=0x00007ffb99c23b29)
0x00007ffb99c23b09:   8b d1 44 0f 47 c0 44 89 44 24 38 49 c1 e0 03 e8
0x00007ffb99c23b19:   4a d3 04 00 48 8d 4c 24 20 48 ff 15 cf 44 16 00
0x00007ffb99c23b29:   0f 1f 44 00 00 48 8b 8c 24 c0 00 00 00 48 33 cc
0x00007ffb99c23b39:   e8 a2 5e 04 00 48 81 c4 d8 00 00 00 c3 83 64 24 


Register to memory mapping:

RAX=0x0000000000000001 is an unknown value
RBX=0x0000000000000000 is an unknown value
RCX=0x0000000000800000 is an unknown value
RDX=0x01d4de0e00000080 is an unknown value
RSP=0x00000000021ab0c0 is pointing into the stack for thread: 0x00000000023d3800
RBP=0x00000000021ab218 is pointing into the stack for thread: 0x00000000023d3800
RSI=0x00000000745831c0 is an unknown value
RDI=0x0000000000000000 is an unknown value
R8 =0x00000000021ab010 is pointing into the stack for thread: 0x00000000023d3800
R9 =0x000000007ffe0384 is an unknown value
R10=0x000000007ffe0385 is an unknown value
R11=0x0000000000000040 is an unknown value
R12=0x0000000000000004 is an unknown value
R13=0x0000000074586370 is an unknown value
R14=0x0000000074586108 is an unknown value
R15=0x0000000074583428 is an unknown value


Stack: [0x00000000020b0000,0x00000000021b0000],  sp=0x00000000021ab0c0,  free space=1004k
Native frames: (J=compiled Java code, j=interpreted, Vv=VM code, C=native code)
C  [KERNELBASE.dll+0x43b29]
C  [net.dll+0xf133]
C  [net.dll+0xeea6]
C  [net.dll+0x5bde]
C  [net.dll+0x6bec]
C  [net.dll+0x70d3]
C  [net.dll+0x6274]
C  0x00000000024e8c67

Java frames: (J=compiled Java code, j=interpreted, Vv=VM code)
j  java.net.NetworkInterface.getAll()[Ljava/net/NetworkInterface;+0
j  java.net.NetworkInterface.getNetworkInterfaces()Ljava/util/Enumeration;+0
j  sun.security.provider.SeedGenerator.addNetworkAdapterInfo(Ljava/security/MessageDigest;)V+0
j  sun.security.provider.SeedGenerator.access$000(Ljava/security/MessageDigest;)V+1
j  sun.security.provider.SeedGenerator$1.run()Ljava/lang/Void;+61
j  sun.security.provider.SeedGenerator$1.run()Ljava/lang/Object;+1
v  ~StubRoutines::call_stub
J 214  java.security.AccessController.doPrivileged(Ljava/security/PrivilegedAction;)Ljava/lang/Object; (0 bytes) @ 0x0000000002667392 [0x0000000002667340+0x52]
j  sun.security.provider.SeedGenerator.getSystemEntropy()[B+40
j  sun.security.provider.SecureRandom$SeederHolder.<clinit>()V+4
v  ~StubRoutines::call_stub
j  sun.security.provider.SecureRandom.engineNextBytes([B)V+21
j  java.security.SecureRandom.nextBytes([B)V+5
j  java.security.SecureRandom.next(I)I+17
j  java.util.Random.nextLong()J+3
j  java.io.File$TempDirectory.generateFile(Ljava/lang/String;Ljava/lang/String;Ljava/io/File;)Ljava/io/File;+3
j  java.io.File.createTempFile(Ljava/lang/String;Ljava/lang/String;Ljava/io/File;)Ljava/io/File;+45
j  org.fusesource.hawtjni.runtime.Library.extract(Ljava/util/ArrayList;Ljava/net/URL;Ljava/lang/String;Ljava/lang/String;Ljava/io/File;)Ljava/io/File;+71
j  org.fusesource.hawtjni.runtime.Library.extractAndLoad(Ljava/util/ArrayList;Ljava/lang/String;Ljava/lang/String;Ljava/lang/String;Ljava/lang/String;)Z+239
j  org.fusesource.hawtjni.runtime.Library.doLoad()V+412
j  org.fusesource.hawtjni.runtime.Library.load()V+9
j  org.fusesource.jansi.internal.Kernel32.<clinit>()V+17
v  ~StubRoutines::call_stub
j  org.fusesource.jansi.WindowsAnsiPrintStream.<clinit>()V+0
v  ~StubRoutines::call_stub
j  org.fusesource.jansi.AnsiConsole.wrapPrintStream(Ljava/io/PrintStream;I)Ljava/io/PrintStream;+63
j  org.fusesource.jansi.AnsiConsole.wrapSystemOut(Ljava/io/PrintStream;)Ljava/io/PrintStream;+11
j  org.fusesource.jansi.AnsiConsole.<clinit>()V+130
v  ~StubRoutines::call_stub
j  org.apache.maven.shared.utils.logging.MessageUtils.systemInstall()V+6
j  org.apache.maven.cli.MavenCli.main([Ljava/lang/String;Lorg/codehaus/plexus/classworlds/ClassWorld;)I+8
v  ~StubRoutines::call_stub
j  sun.reflect.NativeMethodAccessorImpl.invoke0(Ljava/lang/reflect/Method;Ljava/lang/Object;[Ljava/lang/Object;)Ljava/lang/Object;+0
j  sun.reflect.NativeMethodAccessorImpl.invoke(Ljava/lang/Object;[Ljava/lang/Object;)Ljava/lang/Object;+100
j  sun.reflect.DelegatingMethodAccessorImpl.invoke(Ljava/lang/Object;[Ljava/lang/Object;)Ljava/lang/Object;+6
j  java.lang.reflect.Method.invoke(Ljava/lang/Object;[Ljava/lang/Object;)Ljava/lang/Object;+56
j  org.codehaus.plexus.classworlds.launcher.Launcher.launchEnhanced([Ljava/lang/String;)V+45
j  org.codehaus.plexus.classworlds.launcher.Launcher.launch([Ljava/lang/String;)V+2
j  org.codehaus.plexus.classworlds.launcher.Launcher.mainWithExitCode([Ljava/lang/String;)I+101
j  org.codehaus.plexus.classworlds.launcher.Launcher.main([Ljava/lang/String;)V+1
j  org.codehaus.classworlds.Launcher.main([Ljava/lang/String;)V+1
v  ~StubRoutines::call_stub

---------------  P R O C E S S  ---------------

Java Threads: ( => current thread )
  0x00000000190e9000 JavaThread "SeedGenerator Thread" daemon [_thread_new, id=13760, stack(0x0000000000000000,0x0000000000000000)]
  0x00000000190e8000 JavaThread "SeedGenerator Thread" daemon [_thread_in_vm, id=18344, stack(0x0000000019880000,0x0000000019980000)]
  0x0000000018701800 JavaThread "Service Thread" daemon [_thread_blocked, id=25208, stack(0x0000000018e80000,0x0000000018f80000)]
  0x00000000186fd000 JavaThread "C1 CompilerThread2" daemon [_thread_blocked, id=10928, stack(0x0000000018d80000,0x0000000018e80000)]
  0x0000000017060800 JavaThread "C2 CompilerThread1" daemon [_thread_blocked, id=19356, stack(0x0000000018c80000,0x0000000018d80000)]
  0x0000000017048000 JavaThread "C2 CompilerThread0" daemon [_thread_blocked, id=25884, stack(0x0000000018b80000,0x0000000018c80000)]
  0x0000000017047000 JavaThread "Monitor Ctrl-Break" daemon [_thread_in_native, id=12456, stack(0x0000000018a80000,0x0000000018b80000)]
  0x0000000017029800 JavaThread "Attach Listener" daemon [_thread_blocked, id=25708, stack(0x0000000018580000,0x0000000018680000)]
  0x0000000017028000 JavaThread "Signal Dispatcher" daemon [_thread_blocked, id=1712, stack(0x0000000018480000,0x0000000018580000)]
  0x00000000024c7000 JavaThread "Finalizer" daemon [_thread_blocked, id=21820, stack(0x0000000018280000,0x0000000018380000)]
  0x00000000024c2000 JavaThread "Reference Handler" daemon [_thread_blocked, id=18608, stack(0x0000000018180000,0x0000000018280000)]
=>0x00000000023d3800 JavaThread "main" [_thread_in_native, id=17072, stack(0x00000000020b0000,0x00000000021b0000)]

Other Threads:
  0x0000000016fe9000 VMThread [stack: 0x0000000018080000,0x0000000018180000] [id=21664]
  0x0000000018738800 WatcherThread [stack: 0x0000000018f80000,0x0000000019080000] [id=3540]

VM state:not at safepoint (normal execution)

VM Mutex/Monitor currently owned by a thread:  ([mutex/lock_event])
[0x00000000023d01d0] AdapterHandlerLibrary_lock - owner thread: 0x00000000190e8000

Heap:
 PSYoungGen      total 38400K, used 6848K [0x00000000d5d80000, 0x00000000d8800000, 0x0000000100000000)
  eden space 33280K, 20% used [0x00000000d5d80000,0x00000000d6430070,0x00000000d7e00000)
  from space 5120K, 0% used [0x00000000d8300000,0x00000000d8300000,0x00000000d8800000)
  to   space 5120K, 0% used [0x00000000d7e00000,0x00000000d7e00000,0x00000000d8300000)
 ParOldGen       total 87552K, used 0K [0x0000000081800000, 0x0000000086d80000, 0x00000000d5d80000)
  object space 87552K, 0% used [0x0000000081800000,0x0000000081800000,0x0000000086d80000)
 Metaspace       used 4253K, capacity 4972K, committed 5248K, reserved 1056768K
  class space    used 471K, capacity 536K, committed 640K, reserved 1048576K

Card table byte_map: [0x0000000011890000,0x0000000011c90000] byte_map_base: 0x0000000011484000

Marking Bits: (ParMarkBitMap*) 0x0000000074e02d00
 Begin Bits: [0x0000000012340000, 0x00000000142e0000)
 End Bits:   [0x00000000142e0000, 0x0000000016280000)

Polling page: 0x00000000021b0000

CodeCache: size=245760Kb used=1688Kb max_used=1690Kb free=244071Kb
 bounds [0x00000000024d0000, 0x0000000002740000, 0x00000000114d0000]
 total_blobs=515 nmethods=245 adapters=183
 compilation: enabled

Compilation events (10 events):
Event: 0.690 Thread 0x00000000186fd000  240       1       java.util.HashMap$Node::getKey (5 bytes)
Event: 0.690 Thread 0x00000000186fd000 nmethod 240 0x0000000002673410 code [0x0000000002673560, 0x0000000002673670]
Event: 0.690 Thread 0x00000000186fd000  241       1       java.util.HashMap$Node::getValue (5 bytes)
Event: 0.690 Thread 0x00000000186fd000 nmethod 241 0x00000000026768d0 code [0x0000000002676a20, 0x0000000002676b30]
Event: 0.693 Thread 0x00000000186fd000  242       1       java.lang.Class::getClassLoader0 (5 bytes)
Event: 0.693 Thread 0x00000000186fd000 nmethod 242 0x0000000002676610 code [0x0000000002676760, 0x0000000002676870]
Event: 0.699 Thread 0x00000000186fd000  244       3       java.lang.Integer::reverseBytes (26 bytes)
Event: 0.699 Thread 0x00000000186fd000 nmethod 244 0x0000000002675f50 code [0x00000000026760a0, 0x00000000026761f0]
Event: 0.705 Thread 0x00000000186fd000  245  s    1       java.util.Vector::size (5 bytes)
Event: 0.705 Thread 0x00000000186fd000 nmethod 245 0x0000000002675b10 code [0x0000000002675c60, 0x0000000002675ed0]

GC Heap History (0 events):
No events

Deoptimization events (0 events):
No events

Classes redefined (0 events):
No events

Internal exceptions (10 events):
Event: 0.195 Thread 0x00000000023d3800 Exception <a 'java/security/PrivilegedActionException'> (0x00000000d5e0e188) thrown at [C:\re\workspace\8-2-build-windows-amd64-cygwin\jdk8u181\11358\hotspot\src\share\vm\prims\jvm.cpp, line 1435]
Event: 0.643 Thread 0x00000000023d3800 Exception <a 'java/security/PrivilegedActionException'> (0x00000000d62ae9f8) thrown at [C:\re\workspace\8-2-build-windows-amd64-cygwin\jdk8u181\11358\hotspot\src\share\vm\prims\jvm.cpp, line 1435]
Event: 0.643 Thread 0x00000000023d3800 Exception <a 'java/security/PrivilegedActionException'> (0x00000000d62aedf0) thrown at [C:\re\workspace\8-2-build-windows-amd64-cygwin\jdk8u181\11358\hotspot\src\share\vm\prims\jvm.cpp, line 1435]
Event: 0.644 Thread 0x00000000023d3800 Exception <a 'java/security/PrivilegedActionException'> (0x00000000d62b2ee8) thrown at [C:\re\workspace\8-2-build-windows-amd64-cygwin\jdk8u181\11358\hotspot\src\share\vm\prims\jvm.cpp, line 1435]
Event: 0.644 Thread 0x00000000023d3800 Exception <a 'java/security/PrivilegedActionException'> (0x00000000d62b32e0) thrown at [C:\re\workspace\8-2-build-windows-amd64-cygwin\jdk8u181\11358\hotspot\src\share\vm\prims\jvm.cpp, line 1435]
Event: 0.646 Thread 0x00000000023d3800 Exception <a 'java/lang/OutOfMemoryError'> (0x00000000d62bbec8) thrown at [C:\re\workspace\8-2-build-windows-amd64-cygwin\jdk8u181\11358\hotspot\src\share\vm\prims\jni.cpp, line 735]
Event: 0.646 Thread 0x00000000023d3800 Exception <a 'java/lang/OutOfMemoryError'> (0x00000000d62bbec8) thrown at [C:\re\workspace\8-2-build-windows-amd64-cygwin\jdk8u181\11358\hotspot\src\share\vm\prims\jvm.cpp, line 1439]
Event: 0.646 Thread 0x00000000023d3800 Exception <a 'java/lang/OutOfMemoryError'> (0x00000000d62bbec8) thrown at [C:\re\workspace\8-2-build-windows-amd64-cygwin\jdk8u181\11358\hotspot\src\share\vm\prims\jvm.cpp, line 1439]
Event: 0.647 Thread 0x00000000023d3800 Exception <a 'java/lang/OutOfMemoryError'> (0x00000000d62bbec8) thrown at [C:\re\workspace\8-2-build-windows-amd64-cygwin\jdk8u181\11358\hotspot\src\share\vm\prims\jvm.cpp, line 1439]
Event: 0.647 Thread 0x00000000023d3800 Exception <a 'java/lang/OutOfMemoryError'> (0x00000000d62bbec8) thrown at [C:\re\workspace\8-2-build-windows-amd64-cygwin\jdk8u181\11358\hotspot\src\share\vm\oops\instanceKlass.cpp, line 959]

Events (10 events):
Event: 0.697 loading class sun/security/provider/ByteArrayAccess
Event: 0.697 loading class sun/security/provider/ByteArrayAccess done
Event: 0.702 loading class java/net/NetworkInterface
Event: 0.703 loading class java/net/NetworkInterface done
Event: 0.703 loading class java/net/NetworkInterface$1
Event: 0.704 loading class java/net/NetworkInterface$1 done
Event: 0.704 loading class java/net/InterfaceAddress
Event: 0.704 loading class java/net/InterfaceAddress done
Event: 0.704 loading class java/net/DefaultInterface
Event: 0.704 loading class java/net/DefaultInterface done


Dynamic libraries:
0x00007ff75d270000 - 0x00007ff75d2a7000 	C:\Program Files\Java\jdk1.8.0_181\bin\java.exe
0x00007ffb9bde0000 - 0x00007ffb9bfd0000 	C:\WINDOWS\SYSTEM32\ntdll.dll
0x00007ffb9aaa0000 - 0x00007ffb9ab52000 	C:\WINDOWS\System32\KERNEL32.DLL
0x00007ffb99be0000 - 0x00007ffb99e85000 	C:\WINDOWS\System32\KERNELBASE.dll
0x00007ffb9a010000 - 0x00007ffb9a0b3000 	C:\WINDOWS\System32\ADVAPI32.dll
0x00007ffb9aa00000 - 0x00007ffb9aa9e000 	C:\WINDOWS\System32\msvcrt.dll
0x00007ffb9bd00000 - 0x00007ffb9bd97000 	C:\WINDOWS\System32\sechost.dll
0x00007ffb99e90000 - 0x00007ffb99fb0000 	C:\WINDOWS\System32\RPCRT4.dll
0x00007ffb9b6f0000 - 0x00007ffb9b884000 	C:\WINDOWS\System32\USER32.dll
0x00007ffb98d60000 - 0x00007ffb98d81000 	C:\WINDOWS\System32\win32u.dll
0x00007ffb9ac20000 - 0x00007ffb9ac46000 	C:\WINDOWS\System32\GDI32.dll
0x00007ffb99920000 - 0x00007ffb99ab6000 	C:\WINDOWS\System32\gdi32full.dll
0x00007ffb99ac0000 - 0x00007ffb99b5e000 	C:\WINDOWS\System32\msvcp_win.dll
0x00007ffb98e70000 - 0x00007ffb98f6a000 	C:\WINDOWS\System32\ucrtbase.dll
0x00007ffb804a0000 - 0x00007ffb80724000 	C:\WINDOWS\WinSxS\amd64_microsoft.windows.common-controls_6595b64144ccf1df_6.0.18362.1198_none_9e820b57e45ad92f\COMCTL32.dll
0x00007ffb9a170000 - 0x00007ffb9a4a5000 	C:\WINDOWS\System32\combase.dll
0x00007ffb99b60000 - 0x00007ffb99be0000 	C:\WINDOWS\System32\bcryptPrimitives.dll
0x00007ffb9a0c0000 - 0x00007ffb9a0ee000 	C:\WINDOWS\System32\IMM32.DLL
0x0000000075a20000 - 0x0000000075af2000 	C:\Program Files\Java\jdk1.8.0_181\jre\bin\msvcr100.dll
0x00000000745e0000 - 0x0000000074e82000 	C:\Program Files\Java\jdk1.8.0_181\jre\bin\server\jvm.dll
0x00007ffb9ac10000 - 0x00007ffb9ac18000 	C:\WINDOWS\System32\PSAPI.DLL
0x00007ffb93d60000 - 0x00007ffb93d84000 	C:\WINDOWS\SYSTEM32\WINMM.dll
0x00007ffb90af0000 - 0x00007ffb90afa000 	C:\WINDOWS\SYSTEM32\VERSION.dll
0x00007ffb93d30000 - 0x00007ffb93d5d000 	C:\WINDOWS\SYSTEM32\winmmbase.dll
0x00007ffb98f70000 - 0x00007ffb98fba000 	C:\WINDOWS\System32\cfgmgr32.dll
0x00007ffb97780000 - 0x00007ffb97789000 	C:\WINDOWS\SYSTEM32\WSOCK32.dll
0x00007ffb9acc0000 - 0x00007ffb9ad2f000 	C:\WINDOWS\System32\WS2_32.dll
0x0000000075a10000 - 0x0000000075a1f000 	C:\Program Files\Java\jdk1.8.0_181\jre\bin\verify.dll
0x00000000745b0000 - 0x00000000745d9000 	C:\Program Files\Java\jdk1.8.0_181\jre\bin\java.dll
0x0000000074410000 - 0x0000000074433000 	C:\Program Files\Java\jdk1.8.0_181\jre\bin\instrument.dll
0x0000000074590000 - 0x00000000745a6000 	C:\Program Files\Java\jdk1.8.0_181\jre\bin\zip.dll
0x00007ffb9afa0000 - 0x00007ffb9b687000 	C:\WINDOWS\System32\SHELL32.dll
0x00007ffb9ae90000 - 0x00007ffb9af39000 	C:\WINDOWS\System32\shcore.dll
0x00007ffb99130000 - 0x00007ffb998b1000 	C:\WINDOWS\System32\windows.storage.dll
0x00007ffb98ca0000 - 0x00007ffb98cc3000 	C:\WINDOWS\System32\profapi.dll
0x00007ffb98cf0000 - 0x00007ffb98d3a000 	C:\WINDOWS\System32\powrprof.dll
0x00007ffb98c90000 - 0x00007ffb98ca0000 	C:\WINDOWS\System32\UMPDC.dll
0x00007ffb9b690000 - 0x00007ffb9b6e2000 	C:\WINDOWS\System32\shlwapi.dll
0x00007ffb98d40000 - 0x00007ffb98d51000 	C:\WINDOWS\System32\kernel.appcore.dll
0x00007ffb99110000 - 0x00007ffb99127000 	C:\WINDOWS\System32\cryptsp.dll
0x00007ffb902e0000 - 0x00007ffb902fa000 	D:\INSTALL\IntelliJ IDEA 2020.2.3\bin\breakgen64.dll
0x0000000074570000 - 0x000000007458a000 	C:\Program Files\Java\jdk1.8.0_181\jre\bin\net.dll
0x00007ffb984a0000 - 0x00007ffb98507000 	C:\WINDOWS\system32\mswsock.dll
0x00007ffb97510000 - 0x00007ffb97704000 	C:\WINDOWS\SYSTEM32\dbghelp.dll

VM Arguments:
jvm_args: -Dmaven.multiModuleProjectDirectory=D:\Projects\example2\example2 -Dmaven.home=D:\INSTALL\IntelliJ IDEA 2020.2.3\plugins\maven\lib\maven3 -Dclassworlds.conf=D:\INSTALL\IntelliJ IDEA 2020.2.3\plugins\maven\lib\maven3\bin\m2.conf -Dmaven.ext.class.path=D:\INSTALL\IntelliJ IDEA 2020.2.3\plugins\maven\lib\maven-event-listener.jar -javaagent:D:\INSTALL\IntelliJ IDEA 2020.2.3\lib\idea_rt.jar=57884:D:\INSTALL\IntelliJ IDEA 2020.2.3\bin -Dfile.encoding=UTF-8 
java_command: org.codehaus.classworlds.Launcher -Didea.version=2020.2.3 clean install
java_class_path (initial): D:\INSTALL\IntelliJ IDEA 2020.2.3\plugins\maven\lib\maven3\boot\plexus-classworlds-2.6.0.jar;D:\INSTALL\IntelliJ IDEA 2020.2.3\plugins\maven\lib\maven3\boot\plexus-classworlds.license;D:\INSTALL\IntelliJ IDEA 2020.2.3\lib\idea_rt.jar
Launcher Type: SUN_STANDARD

Environment Variables:
JAVA_HOME=C:\Program Files\Java\jdk1.8.0_271
PATH=C:\Program Files (x86)\Common Files\Oracle\Java\javapath;C:\Program Files (x86)\Intel\iCLS Client\;C:\Program Files\Intel\iCLS Client\;C:\WINDOWS\system32;C:\WINDOWS;C:\WINDOWS\System32\Wbem;C:\WINDOWS\System32\WindowsPowerShell\v1.0\;C:\Program Files (x86)\Intel\Intel(R) Management Engine Components\DAL;C:\Program Files\Intel\Intel(R) Management Engine Components\DAL;C:\Program Files (x86)\Intel\Intel(R) Management Engine Components\IPT;C:\Program Files\Intel\Intel(R) Management Engine Components\IPT;C:\Program Files\Intel\WiFi\bin\;C:\Program Files\Common Files\Intel\WirelessCommon\;C:\WINDOWS\System32\OpenSSH\;C:\Phyton27\;D:\TOOLS\mercurial\;D:\TOOLS\apache-maven-3.5.4-bin\apache-maven-3.5.4\bin;C:\Program Files\Git\bin;C:\Program Files\Java\jdk1.8.0_181\bin;D:\Projects\apache-tomcat-9.0.21-windows-x64\apache-tomcat-9.0.21\bin;C:\Windows\twain_32\CNQL60;C:\Program Files\Java\jdk1.8.0_271\bin;C:\Applications\Atlassian\atlassian-plugin-sdk-8.0.16\bin;D:\INSTALL\nodejs\;;C:\Program Files\Docker\Docker\resources\bin;C:\ProgramData\DockerDesktop\version-bin;C:\Program Files\MySQL\MySQL Shell 8.0\bin\;C:\Users\roman\AppData\Local\Microsoft\WindowsApps;D:\TOOLS\Microsoft VS Code\bin;C:\Windows\twain_32\CNQL60;C:\Windows\twain_32;C:\Applications\Atlassian\atlassian-plugin-sdk-8.0.16\bin;C:\Users\roman\AppData\Roaming\npm
USERNAME=roman
OS=Windows_NT
PROCESSOR_IDENTIFIER=Intel64 Family 6 Model 78 Stepping 3, GenuineIntel



---------------  S Y S T E M  ---------------

OS: Windows 10.0 , 64 bit Build 18362 (10.0.18362.1110)

CPU:total 4 (initial active 4) (2 cores per cpu, 2 threads per core) family 6 model 78 stepping 3, cmov, cx8, fxsr, mmx, sse, sse2, sse3, ssse3, sse4.1, sse4.2, popcnt, avx, avx2, aes, clmul, erms, 3dnowpref, lzcnt, ht, tsc, tscinvbit, bmi1, bmi2, adx

Memory: 4k page, physical 8285204k(507440k free), swap 24060948k(820k free)

vm_info: Java HotSpot(TM) 64-Bit Server VM (25.181-b13) for windows-amd64 JRE (1.8.0_181-b13), built on Jul  7 2018 04:01:33 by "java_re" with MS VC++ 10.0 (VS2010)

time: Wed Dec 09 11:49:05 2020
elapsed time: 0 seconds (0d 0h 0m 0s)

