#
# There is insufficient memory for the Java Runtime Environment to continue.
# Native memory allocation (malloc) failed to allocate 32744 bytes for ChunkPool::allocate
# Possible reasons:
#   The system is out of physical RAM or swap space
#   In 32 bit mode, the process size limit was hit
# Possible solutions:
#   Reduce memory load on the system
#   Increase physical memory or swap space
#   Check if swap backing store is full
#   Use 64 bit Java on a 64 bit OS
#   Decrease Java heap size (-Xmx/-Xms)
#   Decrease number of Java threads
#   Decrease Java thread stack sizes (-Xss)
#   Set larger code cache with -XX:ReservedCodeCacheSize=
# This output file may be truncated or incomplete.
#
#  Out of Memory Error (allocation.cpp:273), pid=10752, tid=0x00000000000025c4
#
# JRE version: Java(TM) SE Runtime Environment (8.0_181-b13) (build 1.8.0_181-b13)
# Java VM: Java HotSpot(TM) 64-Bit Server VM (25.181-b13 mixed mode windows-amd64 compressed oops)
# Failed to write core dump. Minidumps are not enabled by default on client versions of Windows
#

---------------  T H R E A D  ---------------

Current thread (0x000000001802d000):  JavaThread "C1 CompilerThread2" daemon [_thread_in_vm, id=9668, stack(0x0000000019d40000,0x0000000019e40000)]

Stack: [0x0000000019d40000,0x0000000019e40000]
[error occurred during error reporting (printing stack bounds), id 0xc0000005]

Native frames: (J=compiled Java code, j=interpreted, Vv=VM code, C=native code)


Current CompileTask:
C1:   1555  407       3       java.lang.Throwable::<init> (39 bytes)


---------------  P R O C E S S  ---------------

Java Threads: ( => current thread )
  0x00000000196f2000 JavaThread "Service Thread" daemon [_thread_blocked, id=9508, stack(0x0000000019e40000,0x0000000019f40000)]
=>0x000000001802d000 JavaThread "C1 CompilerThread2" daemon [_thread_in_vm, id=9668, stack(0x0000000019d40000,0x0000000019e40000)]
  0x0000000018011000 JavaThread "C2 CompilerThread1" daemon [_thread_in_native, id=25396, stack(0x0000000019c40000,0x0000000019d40000)]
  0x000000001800d800 JavaThread "C2 CompilerThread0" daemon [_thread_in_native, id=17596, stack(0x0000000019b40000,0x0000000019c40000)]
  0x0000000019683000 JavaThread "Monitor Ctrl-Break" daemon [_thread_in_native, id=23664, stack(0x0000000019a40000,0x0000000019b40000)]
  0x0000000017fda800 JavaThread "Attach Listener" daemon [_thread_blocked, id=968, stack(0x0000000019540000,0x0000000019640000)]
  0x0000000017fd7000 JavaThread "Signal Dispatcher" daemon [_thread_blocked, id=20964, stack(0x0000000019440000,0x0000000019540000)]
  0x0000000017fc0800 JavaThread "Finalizer" daemon [_thread_blocked, id=25184, stack(0x0000000019240000,0x0000000019340000)]
  0x0000000017f99800 JavaThread "Reference Handler" daemon [_thread_blocked, id=920, stack(0x0000000019140000,0x0000000019240000)]
  0x00000000031be800 JavaThread "main" [_thread_in_native, id=26116, stack(0x0000000003010000,0x0000000003110000)]

Other Threads:
  0x0000000017f97000 VMThread [stack: 0x0000000019040000,0x0000000019140000] [id=12104]
  0x00000000196f7800 WatcherThread [stack: 0x0000000019f40000,0x000000001a040000] [id=7556]

VM state:not at safepoint (normal execution)

VM Mutex/Monitor currently owned by a thread: None

Heap:
 PSYoungGen      total 38400K, used 12987K [0x00000000d5d80000, 0x00000000d8800000, 0x0000000100000000)
  eden space 33280K, 39% used [0x00000000d5d80000,0x00000000d6a2ef08,0x00000000d7e00000)
  from space 5120K, 0% used [0x00000000d8300000,0x00000000d8300000,0x00000000d8800000)
  to   space 5120K, 0% used [0x00000000d7e00000,0x00000000d7e00000,0x00000000d8300000)
 ParOldGen       total 87552K, used 0K [0x0000000081800000, 0x0000000086d80000, 0x00000000d5d80000)
  object space 87552K, 0% used [0x0000000081800000,0x0000000081800000,0x0000000086d80000)
 Metaspace       used 5938K, capacity 6044K, committed 6144K, reserved 1056768K
  class space    used 645K, capacity 696K, committed 768K, reserved 1048576K

Card table byte_map: [0x0000000012840000,0x0000000012c40000] byte_map_base: 0x0000000012434000

Marking Bits: (ParMarkBitMap*) 0x0000000074e02d00
 Begin Bits: [0x00000000132f0000, 0x0000000015290000)
 End Bits:   [0x0000000015290000, 0x0000000017230000)

Polling page: 0x0000000001450000

CodeCache: size=245760Kb used=2070Kb max_used=2070Kb free=243689Kb
 bounds [0x0000000003480000, 0x00000000036f0000, 0x0000000012480000]
 total_blobs=698 nmethods=404 adapters=207
 compilation: enabled

Compilation events (10 events):
Event: 1.541 Thread 0x000000001802d000  402       3       java.util.HashMap::resize (359 bytes)
Event: 1.542 Thread 0x000000001802d000 nmethod 402 0x00000000036833d0 code [0x0000000003683620, 0x0000000003684848]
Event: 1.542 Thread 0x000000001802d000  401       1       java.io.File::getPrefixLength (5 bytes)
Event: 1.542 Thread 0x000000001802d000 nmethod 401 0x0000000003684f90 code [0x00000000036850e0, 0x00000000036851f0]
Event: 1.543 Thread 0x000000001802d000  403       3       java.util.zip.ZipFile::getZipEntry (251 bytes)
Event: 1.545 Thread 0x000000001802d000 nmethod 403 0x0000000003685250 code [0x00000000036854a0, 0x00000000036860a8]
Event: 1.551 Thread 0x000000001802d000  405       1       java.util.TreeMap::access$100 (5 bytes)
Event: 1.551 Thread 0x000000001802d000 nmethod 405 0x0000000003686890 code [0x00000000036869e0, 0x0000000003686ad0]
Event: 1.552 Thread 0x0000000018011000  406   !   4       sun.misc.URLClassPath$JarLoader::getResource (85 bytes)
Event: 1.554 Thread 0x000000001802d000  407       3       java.lang.Throwable::<init> (39 bytes)

GC Heap History (0 events):
No events

Deoptimization events (0 events):
No events

Classes redefined (0 events):
No events

Internal exceptions (10 events):
Event: 0.353 Thread 0x00000000031be800 Exception <a 'java/security/PrivilegedActionException'> (0x00000000d62b1370) thrown at [C:\re\workspace\8-2-build-windows-amd64-cygwin\jdk8u181\11358\hotspot\src\share\vm\prims\jvm.cpp, line 1435]
Event: 0.353 Thread 0x00000000031be800 Exception <a 'java/security/PrivilegedActionException'> (0x00000000d62b1768) thrown at [C:\re\workspace\8-2-build-windows-amd64-cygwin\jdk8u181\11358\hotspot\src\share\vm\prims\jvm.cpp, line 1435]
Event: 0.354 Thread 0x00000000031be800 Exception <a 'java/security/PrivilegedActionException'> (0x00000000d62b5860) thrown at [C:\re\workspace\8-2-build-windows-amd64-cygwin\jdk8u181\11358\hotspot\src\share\vm\prims\jvm.cpp, line 1435]
Event: 0.354 Thread 0x00000000031be800 Exception <a 'java/security/PrivilegedActionException'> (0x00000000d62b5c58) thrown at [C:\re\workspace\8-2-build-windows-amd64-cygwin\jdk8u181\11358\hotspot\src\share\vm\prims\jvm.cpp, line 1435]
Event: 0.356 Thread 0x00000000031be800 Exception <a 'java/lang/OutOfMemoryError'> (0x00000000d62be840) thrown at [C:\re\workspace\8-2-build-windows-amd64-cygwin\jdk8u181\11358\hotspot\src\share\vm\prims\jni.cpp, line 735]
Event: 0.357 Thread 0x00000000031be800 Exception <a 'java/lang/OutOfMemoryError'> (0x00000000d62be840) thrown at [C:\re\workspace\8-2-build-windows-amd64-cygwin\jdk8u181\11358\hotspot\src\share\vm\prims\jvm.cpp, line 1439]
Event: 0.357 Thread 0x00000000031be800 Exception <a 'java/lang/OutOfMemoryError'> (0x00000000d62be840) thrown at [C:\re\workspace\8-2-build-windows-amd64-cygwin\jdk8u181\11358\hotspot\src\share\vm\prims\jvm.cpp, line 1439]
Event: 0.357 Thread 0x00000000031be800 Exception <a 'java/lang/OutOfMemoryError'> (0x00000000d62be840) thrown at [C:\re\workspace\8-2-build-windows-amd64-cygwin\jdk8u181\11358\hotspot\src\share\vm\prims\jvm.cpp, line 1439]
Event: 0.357 Thread 0x00000000031be800 Exception <a 'java/lang/OutOfMemoryError'> (0x00000000d62be840) thrown at [C:\re\workspace\8-2-build-windows-amd64-cygwin\jdk8u181\11358\hotspot\src\share\vm\oops\instanceKlass.cpp, line 959]
Event: 1.340 Thread 0x00000000031be800 Exception <a 'java/lang/NoClassDefFoundError': Could not initialize class org.fusesource.jansi.internal.CLibrary> (0x00000000d6579c80) thrown at [C:\re\workspace\8-2-build-windows-amd64-cygwin\jdk8u181\11358\hotspot\src\share\vm\oops\instanceKlass.cpp, li

Events (10 events):
Event: 1.548 loading class org/codehaus/plexus/component/repository/exception/ComponentLookupException
Event: 1.548 loading class org/codehaus/plexus/component/repository/exception/ComponentLookupException done
Event: 1.549 Executing VM operation: Deoptimize
Event: 1.549 Executing VM operation: Deoptimize done
Event: 1.549 loading class java/lang/TypeNotPresentException
Event: 1.550 loading class java/lang/TypeNotPresentException done
Event: 1.551 loading class org/codehaus/plexus/context/Context
Event: 1.551 loading class org/codehaus/plexus/context/Context done
Event: 1.554 loading class org/codehaus/plexus/PlexusContainerException
Event: 1.554 loading class org/codehaus/plexus/PlexusContainerException done


Dynamic libraries:
0x00007ff75d270000 - 0x00007ff75d2a7000 	C:\Program Files\Java\jdk1.8.0_181\bin\java.exe
0x00007ffb9bde0000 - 0x00007ffb9bfd0000 	C:\WINDOWS\SYSTEM32\ntdll.dll
0x00007ffb9aaa0000 - 0x00007ffb9ab52000 	C:\WINDOWS\System32\KERNEL32.DLL
0x00007ffb99be0000 - 0x00007ffb99e85000 	C:\WINDOWS\System32\KERNELBASE.dll
0x00007ffb9a010000 - 0x00007ffb9a0b3000 	C:\WINDOWS\System32\ADVAPI32.dll
0x00007ffb9aa00000 - 0x00007ffb9aa9e000 	C:\WINDOWS\System32\msvcrt.dll
0x00007ffb9bd00000 - 0x00007ffb9bd97000 	C:\WINDOWS\System32\sechost.dll
0x00007ffb99e90000 - 0x00007ffb99fb0000 	C:\WINDOWS\System32\RPCRT4.dll
0x00007ffb9b6f0000 - 0x00007ffb9b884000 	C:\WINDOWS\System32\USER32.dll
0x00007ffb98d60000 - 0x00007ffb98d81000 	C:\WINDOWS\System32\win32u.dll
0x00007ffb9ac20000 - 0x00007ffb9ac46000 	C:\WINDOWS\System32\GDI32.dll
0x00007ffb99920000 - 0x00007ffb99ab6000 	C:\WINDOWS\System32\gdi32full.dll
0x00007ffb99ac0000 - 0x00007ffb99b5e000 	C:\WINDOWS\System32\msvcp_win.dll
0x00007ffb98e70000 - 0x00007ffb98f6a000 	C:\WINDOWS\System32\ucrtbase.dll
0x00007ffb804a0000 - 0x00007ffb80724000 	C:\WINDOWS\WinSxS\amd64_microsoft.windows.common-controls_6595b64144ccf1df_6.0.18362.1198_none_9e820b57e45ad92f\COMCTL32.dll
0x00007ffb9a170000 - 0x00007ffb9a4a5000 	C:\WINDOWS\System32\combase.dll
0x00007ffb99b60000 - 0x00007ffb99be0000 	C:\WINDOWS\System32\bcryptPrimitives.dll
0x00007ffb9a0c0000 - 0x00007ffb9a0ee000 	C:\WINDOWS\System32\IMM32.DLL
0x0000000075a20000 - 0x0000000075af2000 	C:\Program Files\Java\jdk1.8.0_181\jre\bin\msvcr100.dll
0x00000000745e0000 - 0x0000000074e82000 	C:\Program Files\Java\jdk1.8.0_181\jre\bin\server\jvm.dll
0x00007ffb9ac10000 - 0x00007ffb9ac18000 	C:\WINDOWS\System32\PSAPI.DLL
0x00007ffb90af0000 - 0x00007ffb90afa000 	C:\WINDOWS\SYSTEM32\VERSION.dll
0x00007ffb93d60000 - 0x00007ffb93d84000 	C:\WINDOWS\SYSTEM32\WINMM.dll
0x00007ffb97780000 - 0x00007ffb97789000 	C:\WINDOWS\SYSTEM32\WSOCK32.dll
0x00007ffb93d30000 - 0x00007ffb93d5d000 	C:\WINDOWS\SYSTEM32\WINMMBASE.dll
0x00007ffb9acc0000 - 0x00007ffb9ad2f000 	C:\WINDOWS\System32\WS2_32.dll
0x00007ffb98f70000 - 0x00007ffb98fba000 	C:\WINDOWS\System32\cfgmgr32.dll
0x0000000075a10000 - 0x0000000075a1f000 	C:\Program Files\Java\jdk1.8.0_181\jre\bin\verify.dll
0x00000000745b0000 - 0x00000000745d9000 	C:\Program Files\Java\jdk1.8.0_181\jre\bin\java.dll
0x0000000074410000 - 0x0000000074433000 	C:\Program Files\Java\jdk1.8.0_181\jre\bin\instrument.dll
0x0000000074590000 - 0x00000000745a6000 	C:\Program Files\Java\jdk1.8.0_181\jre\bin\zip.dll
0x00007ffb9afa0000 - 0x00007ffb9b687000 	C:\WINDOWS\System32\SHELL32.dll
0x00007ffb9ae90000 - 0x00007ffb9af39000 	C:\WINDOWS\System32\shcore.dll
0x00007ffb99130000 - 0x00007ffb998b1000 	C:\WINDOWS\System32\windows.storage.dll
0x00007ffb98ca0000 - 0x00007ffb98cc3000 	C:\WINDOWS\System32\profapi.dll
0x00007ffb98cf0000 - 0x00007ffb98d3a000 	C:\WINDOWS\System32\powrprof.dll
0x00007ffb98c90000 - 0x00007ffb98ca0000 	C:\WINDOWS\System32\UMPDC.dll
0x00007ffb9b690000 - 0x00007ffb9b6e2000 	C:\WINDOWS\System32\shlwapi.dll
0x00007ffb98d40000 - 0x00007ffb98d51000 	C:\WINDOWS\System32\kernel.appcore.dll
0x00007ffb99110000 - 0x00007ffb99127000 	C:\WINDOWS\System32\cryptsp.dll
0x00007ffb902e0000 - 0x00007ffb902fa000 	D:\INSTALL\IntelliJ IDEA 2020.2.3\bin\breakgen64.dll
0x0000000074570000 - 0x000000007458a000 	C:\Program Files\Java\jdk1.8.0_181\jre\bin\net.dll
0x00007ffb984a0000 - 0x00007ffb98507000 	C:\WINDOWS\system32\mswsock.dll
0x00007ffb98010000 - 0x00007ffb98043000 	C:\WINDOWS\system32\rsaenh.dll
0x00007ffb98d90000 - 0x00007ffb98db6000 	C:\WINDOWS\System32\bcrypt.dll
0x00007ffb98bb0000 - 0x00007ffb98bd5000 	C:\WINDOWS\SYSTEM32\USERENV.dll
0x00007ffb98640000 - 0x00007ffb9864c000 	C:\WINDOWS\SYSTEM32\CRYPTBASE.dll
0x00007ffb981b0000 - 0x00007ffb981ea000 	C:\WINDOWS\SYSTEM32\IPHLPAPI.DLL
0x00007ffb9a920000 - 0x00007ffb9a928000 	C:\WINDOWS\System32\NSI.dll
0x00007ffb8edb0000 - 0x00007ffb8edc6000 	C:\WINDOWS\SYSTEM32\dhcpcsvc6.DLL
0x00007ffb8ed90000 - 0x00007ffb8edac000 	C:\WINDOWS\SYSTEM32\dhcpcsvc.DLL
0x00007ffb98200000 - 0x00007ffb982cb000 	C:\WINDOWS\SYSTEM32\DNSAPI.dll
0x0000000074550000 - 0x0000000074561000 	C:\Program Files\Java\jdk1.8.0_181\jre\bin\nio.dll
0x00007ffb915c0000 - 0x00007ffb915ca000 	C:\Users\roman\AppData\Local\Temp\jansi-1.17.1-3706721040139197620.dll

VM Arguments:
jvm_args: -Dmaven.multiModuleProjectDirectory=D:\Projects\example2\example2 -Dmaven.home=D:\INSTALL\IntelliJ IDEA 2020.2.3\plugins\maven\lib\maven3 -Dclassworlds.conf=D:\INSTALL\IntelliJ IDEA 2020.2.3\plugins\maven\lib\maven3\bin\m2.conf -Dmaven.ext.class.path=D:\INSTALL\IntelliJ IDEA 2020.2.3\plugins\maven\lib\maven-event-listener.jar -javaagent:D:\INSTALL\IntelliJ IDEA 2020.2.3\lib\idea_rt.jar=57886:D:\INSTALL\IntelliJ IDEA 2020.2.3\bin -Dfile.encoding=UTF-8 
java_command: org.codehaus.classworlds.Launcher -Didea.version=2020.2.3 org.springframework.boot:spring-boot-maven-plugin:2.3.3.RELEASE:run
java_class_path (initial): D:\INSTALL\IntelliJ IDEA 2020.2.3\plugins\maven\lib\maven3\boot\plexus-classworlds-2.6.0.jar;D:\INSTALL\IntelliJ IDEA 2020.2.3\plugins\maven\lib\maven3\boot\plexus-classworlds.license;D:\INSTALL\IntelliJ IDEA 2020.2.3\lib\idea_rt.jar
Launcher Type: SUN_STANDARD

Environment Variables:
JAVA_HOME=C:\Program Files\Java\jdk1.8.0_271
PATH=C:\Program Files (x86)\Common Files\Oracle\Java\javapath;C:\Program Files (x86)\Intel\iCLS Client\;C:\Program Files\Intel\iCLS Client\;C:\WINDOWS\system32;C:\WINDOWS;C:\WINDOWS\System32\Wbem;C:\WINDOWS\System32\WindowsPowerShell\v1.0\;C:\Program Files (x86)\Intel\Intel(R) Management Engine Components\DAL;C:\Program Files\Intel\Intel(R) Management Engine Components\DAL;C:\Program Files (x86)\Intel\Intel(R) Management Engine Components\IPT;C:\Program Files\Intel\Intel(R) Management Engine Components\IPT;C:\Program Files\Intel\WiFi\bin\;C:\Program Files\Common Files\Intel\WirelessCommon\;C:\WINDOWS\System32\OpenSSH\;C:\Phyton27\;D:\TOOLS\mercurial\;D:\TOOLS\apache-maven-3.5.4-bin\apache-maven-3.5.4\bin;C:\Program Files\Git\bin;C:\Program Files\Java\jdk1.8.0_181\bin;D:\Projects\apache-tomcat-9.0.21-windows-x64\apache-tomcat-9.0.21\bin;C:\Windows\twain_32\CNQL60;C:\Program Files\Java\jdk1.8.0_271\bin;C:\Applications\Atlassian\atlassian-plugin-sdk-8.0.16\bin;D:\INSTALL\nodejs\;;C:\Program Files\Docker\Docker\resources\bin;C:\ProgramData\DockerDesktop\version-bin;C:\Program Files\MySQL\MySQL Shell 8.0\bin\;C:\Users\roman\AppData\Local\Microsoft\WindowsApps;D:\TOOLS\Microsoft VS Code\bin;C:\Windows\twain_32\CNQL60;C:\Windows\twain_32;C:\Applications\Atlassian\atlassian-plugin-sdk-8.0.16\bin;C:\Users\roman\AppData\Roaming\npm
USERNAME=roman
OS=Windows_NT
PROCESSOR_IDENTIFIER=Intel64 Family 6 Model 78 Stepping 3, GenuineIntel



---------------  S Y S T E M  ---------------

OS: Windows 10.0 , 64 bit Build 18362 (10.0.18362.1110)

CPU:total 4 (initial active 4) (2 cores per cpu, 2 threads per core) family 6 model 78 stepping 3, cmov, cx8, fxsr, mmx, sse, sse2, sse3, ssse3, sse4.1, sse4.2, popcnt, avx, avx2, aes, clmul, erms, 3dnowpref, lzcnt, ht, tsc, tscinvbit, bmi1, bmi2, adx

Memory: 4k page, physical 8285204k(500148k free), swap 24060948k(3172k free)

vm_info: Java HotSpot(TM) 64-Bit Server VM (25.181-b13) for windows-amd64 JRE (1.8.0_181-b13), built on Jul  7 2018 04:01:33 by "java_re" with MS VC++ 10.0 (VS2010)

time: Wed Dec 09 11:49:22 2020
elapsed time: 1 seconds (0d 0h 0m 1s)

