#
# There is insufficient memory for the Java Runtime Environment to continue.
# Native memory allocation (malloc) failed to allocate 32744 bytes for ChunkPool::allocate
# Possible reasons:
#   The system is out of physical RAM or swap space
#   In 32 bit mode, the process size limit was hit
# Possible solutions:
#   Reduce memory load on the system
#   Increase physical memory or swap space
#   Check if swap backing store is full
#   Use 64 bit Java on a 64 bit OS
#   Decrease Java heap size (-Xmx/-Xms)
#   Decrease number of Java threads
#   Decrease Java thread stack sizes (-Xss)
#   Set larger code cache with -XX:ReservedCodeCacheSize=
# This output file may be truncated or incomplete.
#
#  Out of Memory Error (allocation.cpp:273), pid=12840, tid=0x0000000000001a54
#
# JRE version: Java(TM) SE Runtime Environment (8.0_181-b13) (build 1.8.0_181-b13)
# Java VM: Java HotSpot(TM) 64-Bit Server VM (25.181-b13 mixed mode windows-amd64 compressed oops)
# Failed to write core dump. Minidumps are not enabled by default on client versions of Windows
#

---------------  T H R E A D  ---------------

Current thread (0x0000000017e6c800):  JavaThread "C2 CompilerThread0" daemon [_thread_in_native, id=6740, stack(0x0000000019990000,0x0000000019a90000)]

Stack: [0x0000000019990000,0x0000000019a90000]
[error occurred during error reporting (printing stack bounds), id 0xc0000005]

Native frames: (J=compiled Java code, j=interpreted, Vv=VM code, C=native code)


Current CompileTask:
C2:   3041 1629       4       java.net.URLClassLoader$1::run (5 bytes)


---------------  P R O C E S S  ---------------

Java Threads: ( => current thread )
  0x0000000019549800 JavaThread "Service Thread" daemon [_thread_blocked, id=18744, stack(0x0000000019c90000,0x0000000019d90000)]
  0x0000000017e79800 JavaThread "C1 CompilerThread2" daemon [_thread_blocked, id=23800, stack(0x0000000019b90000,0x0000000019c90000)]
  0x0000000017e70000 JavaThread "C2 CompilerThread1" daemon [_thread_in_native, id=11460, stack(0x0000000019a90000,0x0000000019b90000)]
=>0x0000000017e6c800 JavaThread "C2 CompilerThread0" daemon [_thread_in_native, id=6740, stack(0x0000000019990000,0x0000000019a90000)]
  0x00000000194d2800 JavaThread "Monitor Ctrl-Break" daemon [_thread_in_native, id=25584, stack(0x0000000019890000,0x0000000019990000)]
  0x0000000017e38800 JavaThread "Attach Listener" daemon [_thread_blocked, id=24904, stack(0x0000000019390000,0x0000000019490000)]
  0x0000000017e37000 JavaThread "Signal Dispatcher" daemon [_thread_blocked, id=6112, stack(0x0000000019290000,0x0000000019390000)]
  0x0000000017e20800 JavaThread "Finalizer" daemon [_thread_blocked, id=16932, stack(0x0000000019090000,0x0000000019190000)]
  0x0000000017df9000 JavaThread "Reference Handler" daemon [_thread_blocked, id=23900, stack(0x0000000018f90000,0x0000000019090000)]
  0x0000000002eee800 JavaThread "main" [_thread_in_vm, id=19228, stack(0x0000000002ef0000,0x0000000002ff0000)]

Other Threads:
  0x0000000017df7000 VMThread [stack: 0x0000000018e90000,0x0000000018f90000] [id=16628]
  0x000000001955f000 WatcherThread [stack: 0x0000000019d90000,0x0000000019e90000] [id=12388]

VM state:not at safepoint (normal execution)

VM Mutex/Monitor currently owned by a thread: None

Heap:
 PSYoungGen      total 38400K, used 29959K [0x00000000d5d80000, 0x00000000d8800000, 0x0000000100000000)
  eden space 33280K, 74% used [0x00000000d5d80000,0x00000000d75c39e8,0x00000000d7e00000)
  from space 5120K, 99% used [0x00000000d8300000,0x00000000d87fe390,0x00000000d8800000)
  to   space 5120K, 0% used [0x00000000d7e00000,0x00000000d7e00000,0x00000000d8300000)
 ParOldGen       total 87552K, used 1356K [0x0000000081800000, 0x0000000086d80000, 0x00000000d5d80000)
  object space 87552K, 1% used [0x0000000081800000,0x0000000081953398,0x0000000086d80000)
 Metaspace       used 14201K, capacity 14464K, committed 14720K, reserved 1062912K
  class space    used 1755K, capacity 1844K, committed 1920K, reserved 1048576K

Card table byte_map: [0x00000000126a0000,0x0000000012aa0000] byte_map_base: 0x0000000012294000

Marking Bits: (ParMarkBitMap*) 0x0000000074e02d00
 Begin Bits: [0x0000000013150000, 0x00000000150f0000)
 End Bits:   [0x00000000150f0000, 0x0000000017090000)

Polling page: 0x00000000016a0000

CodeCache: size=245760Kb used=5671Kb max_used=5671Kb free=240088Kb
 bounds [0x00000000032e0000, 0x0000000003880000, 0x00000000122e0000]
 total_blobs=1999 nmethods=1646 adapters=265
 compilation: enabled

Compilation events (10 events):
Event: 3.014 Thread 0x0000000017e79800 1645       3       java.io.FileOutputStream::write (12 bytes)
Event: 3.014 Thread 0x0000000017e79800 nmethod 1645 0x0000000003860950 code [0x0000000003860ac0, 0x0000000003860c48]
Event: 3.024 Thread 0x0000000017e79800 1646       3       java.io.OutputStream::flush (1 bytes)
Event: 3.024 Thread 0x0000000017e79800 nmethod 1646 0x0000000003860650 code [0x00000000038607a0, 0x00000000038608f0]
Event: 3.024 Thread 0x0000000017e79800 1647       3       sun.nio.cs.StreamEncoder::ensureOpen (18 bytes)
Event: 3.025 Thread 0x0000000017e79800 nmethod 1647 0x00000000038601d0 code [0x0000000003860340, 0x0000000003860588]
Event: 3.025 Thread 0x0000000017e79800 1648  s    3       java.io.BufferedOutputStream::flush (12 bytes)
Event: 3.025 Thread 0x0000000017e79800 nmethod 1648 0x000000000385f9d0 code [0x000000000385fb60, 0x0000000003860058]
Event: 3.025 Thread 0x0000000017e79800 1650       3       java.io.OutputStreamWriter::write (11 bytes)
Event: 3.025 Thread 0x0000000017e79800 nmethod 1650 0x000000000385f5d0 code [0x000000000385f740, 0x000000000385f8e8]

GC Heap History (4 events):
Event: 1.545 GC heap before
{Heap before GC invocations=1 (full 0):
 PSYoungGen      total 38400K, used 33280K [0x00000000d5d80000, 0x00000000d8800000, 0x0000000100000000)
  eden space 33280K, 100% used [0x00000000d5d80000,0x00000000d7e00000,0x00000000d7e00000)
  from space 5120K, 0% used [0x00000000d8300000,0x00000000d8300000,0x00000000d8800000)
  to   space 5120K, 0% used [0x00000000d7e00000,0x00000000d7e00000,0x00000000d8300000)
 ParOldGen       total 87552K, used 0K [0x0000000081800000, 0x0000000086d80000, 0x00000000d5d80000)
  object space 87552K, 0% used [0x0000000081800000,0x0000000081800000,0x0000000086d80000)
 Metaspace       used 8830K, capacity 8948K, committed 9088K, reserved 1056768K
  class space    used 1058K, capacity 1112K, committed 1152K, reserved 1048576K
Event: 1.552 GC heap after
Heap after GC invocations=1 (full 0):
 PSYoungGen      total 38400K, used 5088K [0x00000000d5d80000, 0x00000000d8800000, 0x0000000100000000)
  eden space 33280K, 0% used [0x00000000d5d80000,0x00000000d5d80000,0x00000000d7e00000)
  from space 5120K, 99% used [0x00000000d7e00000,0x00000000d82f8348,0x00000000d8300000)
  to   space 5120K, 0% used [0x00000000d8300000,0x00000000d8300000,0x00000000d8800000)
 ParOldGen       total 87552K, used 8K [0x0000000081800000, 0x0000000086d80000, 0x00000000d5d80000)
  object space 87552K, 0% used [0x0000000081800000,0x0000000081802000,0x0000000086d80000)
 Metaspace       used 8830K, capacity 8948K, committed 9088K, reserved 1056768K
  class space    used 1058K, capacity 1112K, committed 1152K, reserved 1048576K
}
Event: 2.058 GC heap before
{Heap before GC invocations=2 (full 0):
 PSYoungGen      total 38400K, used 38368K [0x00000000d5d80000, 0x00000000d8800000, 0x0000000100000000)
  eden space 33280K, 100% used [0x00000000d5d80000,0x00000000d7e00000,0x00000000d7e00000)
  from space 5120K, 99% used [0x00000000d7e00000,0x00000000d82f8348,0x00000000d8300000)
  to   space 5120K, 0% used [0x00000000d8300000,0x00000000d8300000,0x00000000d8800000)
 ParOldGen       total 87552K, used 8K [0x0000000081800000, 0x0000000086d80000, 0x00000000d5d80000)
  object space 87552K, 0% used [0x0000000081800000,0x0000000081802000,0x0000000086d80000)
 Metaspace       used 11674K, capacity 11878K, committed 12032K, reserved 1060864K
  class space    used 1417K, capacity 1510K, committed 1536K, reserved 1048576K
Event: 2.069 GC heap after
Heap after GC invocations=2 (full 0):
 PSYoungGen      total 38400K, used 5112K [0x00000000d5d80000, 0x00000000d8800000, 0x0000000100000000)
  eden space 33280K, 0% used [0x00000000d5d80000,0x00000000d5d80000,0x00000000d7e00000)
  from space 5120K, 99% used [0x00000000d8300000,0x00000000d87fe390,0x00000000d8800000)
  to   space 5120K, 0% used [0x00000000d7e00000,0x00000000d7e00000,0x00000000d8300000)
 ParOldGen       total 87552K, used 1356K [0x0000000081800000, 0x0000000086d80000, 0x00000000d5d80000)
  object space 87552K, 1% used [0x0000000081800000,0x0000000081953398,0x0000000086d80000)
 Metaspace       used 11674K, capacity 11878K, committed 12032K, reserved 1060864K
  class space    used 1417K, capacity 1510K, committed 1536K, reserved 1048576K
}

Deoptimization events (10 events):
Event: 1.445 Thread 0x0000000002eee800 Uncommon trap: reason=unstable_if action=reinterpret pc=0x0000000003589578 method=java.util.HashMap.getNode(ILjava/lang/Object;)Ljava/util/HashMap$Node; @ 129
Event: 1.504 Thread 0x0000000002eee800 Uncommon trap: reason=unstable_if action=reinterpret pc=0x00000000035c6420 method=java.nio.charset.CoderResult.isOverflow()Z @ 5
Event: 1.584 Thread 0x0000000002eee800 Uncommon trap: reason=unstable_if action=reinterpret pc=0x00000000035d4780 method=java.io.Reader.read()I @ 12
Event: 1.589 Thread 0x0000000002eee800 Uncommon trap: reason=unstable_if action=reinterpret pc=0x00000000035cd078 method=org.codehaus.plexus.util.xml.pull.MXParser.nextImpl()I @ 241
Event: 1.590 Thread 0x0000000002eee800 Uncommon trap: reason=unstable_if action=reinterpret pc=0x00000000035dbc68 method=sun.nio.cs.StreamDecoder.implRead([CII)I @ 197
Event: 1.674 Thread 0x0000000002eee800 Uncommon trap: reason=unstable_if action=reinterpret pc=0x0000000003590a00 method=java.util.HashMap.getNode(ILjava/lang/Object;)Ljava/util/HashMap$Node; @ 129
Event: 1.689 Thread 0x0000000002eee800 Uncommon trap: reason=range_check action=make_not_entrant pc=0x00000000035cc1a0 method=sun.reflect.generics.parser.SignatureParser.current()C @ 34
Event: 2.718 Thread 0x0000000002eee800 Uncommon trap: reason=unstable_if action=reinterpret pc=0x00000000037cb91c method=java.lang.ref.ReferenceQueue.poll()Ljava/lang/ref/Reference; @ 4
Event: 2.952 Thread 0x0000000002eee800 Uncommon trap: reason=null_check action=make_not_entrant pc=0x00000000034c9be0 method=java.lang.String.equals(Ljava/lang/Object;)Z @ 8
Event: 2.963 Thread 0x0000000002eee800 Uncommon trap: reason=unstable_if action=reinterpret pc=0x0000000003522a84 method=sun.misc.MetaIndex.mayContain(Ljava/lang/String;)Z @ 38

Classes redefined (0 events):
No events

Internal exceptions (10 events):
Event: 1.432 Thread 0x0000000002eee800 Exception <a 'java/lang/ArrayIndexOutOfBoundsException'> (0x00000000d772cc00) thrown at [C:\re\workspace\8-2-build-windows-amd64-cygwin\jdk8u181\11358\hotspot\src\share\vm\runtime\sharedRuntime.cpp, line 605]
Event: 1.435 Thread 0x0000000002eee800 Exception <a 'java/lang/ArrayIndexOutOfBoundsException'> (0x00000000d774c100) thrown at [C:\re\workspace\8-2-build-windows-amd64-cygwin\jdk8u181\11358\hotspot\src\share\vm\runtime\sharedRuntime.cpp, line 605]
Event: 1.444 Thread 0x0000000002eee800 Exception <a 'java/lang/ArrayIndexOutOfBoundsException'> (0x00000000d77928d8) thrown at [C:\re\workspace\8-2-build-windows-amd64-cygwin\jdk8u181\11358\hotspot\src\share\vm\runtime\sharedRuntime.cpp, line 605]
Event: 1.598 Thread 0x0000000002eee800 Exception <a 'java/lang/ArrayIndexOutOfBoundsException'> (0x00000000d60cc6b8) thrown at [C:\re\workspace\8-2-build-windows-amd64-cygwin\jdk8u181\11358\hotspot\src\share\vm\runtime\sharedRuntime.cpp, line 605]
Event: 1.599 Thread 0x0000000002eee800 Exception <a 'java/lang/ArrayIndexOutOfBoundsException'> (0x00000000d60d1018) thrown at [C:\re\workspace\8-2-build-windows-amd64-cygwin\jdk8u181\11358\hotspot\src\share\vm\runtime\sharedRuntime.cpp, line 605]
Event: 1.689 Thread 0x0000000002eee800 Exception <a 'java/lang/ArrayIndexOutOfBoundsException': 66> (0x00000000d6455da8) thrown at [C:\re\workspace\8-2-build-windows-amd64-cygwin\jdk8u181\11358\hotspot\src\share\vm\interpreter\interpreterRuntime.cpp, line 366]
Event: 2.707 Thread 0x0000000002eee800 Exception <a 'java/lang/NoClassDefFoundError': com/google/inject/servlet/ServletModuleTargetVisitor> (0x00000000d6f7b740) thrown at [C:\re\workspace\8-2-build-windows-amd64-cygwin\jdk8u181\11358\hotspot\src\share\vm\classfile\systemDictionary.cpp, line 19
Event: 2.707 Thread 0x0000000002eee800 Exception <a 'java/lang/NoClassDefFoundError'> (0x00000000d6f7b740) thrown at [C:\re\workspace\8-2-build-windows-amd64-cygwin\jdk8u181\11358\hotspot\src\share\vm\prims\jvm.cpp, line 1439]
Event: 2.707 Thread 0x0000000002eee800 Exception <a 'java/lang/NoClassDefFoundError': javax/annotation/Priority> (0x00000000d6f803e8) thrown at [C:\re\workspace\8-2-build-windows-amd64-cygwin\jdk8u181\11358\hotspot\src\share\vm\classfile\systemDictionary.cpp, line 199]
Event: 2.952 Thread 0x0000000002eee800 Implicit null exception at 0x00000000034c9a18 to 0x00000000034c9bd1

Events (10 events):
Event: 3.012 loading class org/apache/maven/toolchain/building/DefaultToolchainsBuildingRequest
Event: 3.012 loading class org/apache/maven/toolchain/building/DefaultToolchainsBuildingRequest done
Event: 3.028 loading class org/apache/maven/building/ProblemCollectorFactory
Event: 3.028 loading class org/apache/maven/building/ProblemCollectorFactory done
Event: 3.031 loading class org/apache/maven/building/DefaultProblemCollector
Event: 3.031 loading class org/apache/maven/building/DefaultProblemCollector done
Event: 3.032 loading class org/apache/maven/toolchain/model/io/xpp3/MavenToolchainsXpp3Reader
Event: 3.032 loading class org/apache/maven/toolchain/model/io/xpp3/MavenToolchainsXpp3Reader done
Event: 3.033 loading class org/apache/maven/toolchain/model/io/xpp3/MavenToolchainsXpp3Reader$ContentTransformer
Event: 3.033 loading class org/apache/maven/toolchain/model/io/xpp3/MavenToolchainsXpp3Reader$ContentTransformer done


Dynamic libraries:
0x00007ff75d270000 - 0x00007ff75d2a7000 	C:\Program Files\Java\jdk1.8.0_181\bin\java.exe
0x00007ffb9bde0000 - 0x00007ffb9bfd0000 	C:\WINDOWS\SYSTEM32\ntdll.dll
0x00007ffb9aaa0000 - 0x00007ffb9ab52000 	C:\WINDOWS\System32\KERNEL32.DLL
0x00007ffb99be0000 - 0x00007ffb99e85000 	C:\WINDOWS\System32\KERNELBASE.dll
0x00007ffb9a010000 - 0x00007ffb9a0b3000 	C:\WINDOWS\System32\ADVAPI32.dll
0x00007ffb9aa00000 - 0x00007ffb9aa9e000 	C:\WINDOWS\System32\msvcrt.dll
0x00007ffb9bd00000 - 0x00007ffb9bd97000 	C:\WINDOWS\System32\sechost.dll
0x00007ffb99e90000 - 0x00007ffb99fb0000 	C:\WINDOWS\System32\RPCRT4.dll
0x00007ffb9b6f0000 - 0x00007ffb9b884000 	C:\WINDOWS\System32\USER32.dll
0x00007ffb98d60000 - 0x00007ffb98d81000 	C:\WINDOWS\System32\win32u.dll
0x00007ffb9ac20000 - 0x00007ffb9ac46000 	C:\WINDOWS\System32\GDI32.dll
0x00007ffb99920000 - 0x00007ffb99ab6000 	C:\WINDOWS\System32\gdi32full.dll
0x00007ffb99ac0000 - 0x00007ffb99b5e000 	C:\WINDOWS\System32\msvcp_win.dll
0x00007ffb98e70000 - 0x00007ffb98f6a000 	C:\WINDOWS\System32\ucrtbase.dll
0x00007ffb804a0000 - 0x00007ffb80724000 	C:\WINDOWS\WinSxS\amd64_microsoft.windows.common-controls_6595b64144ccf1df_6.0.18362.1198_none_9e820b57e45ad92f\COMCTL32.dll
0x00007ffb9a170000 - 0x00007ffb9a4a5000 	C:\WINDOWS\System32\combase.dll
0x00007ffb99b60000 - 0x00007ffb99be0000 	C:\WINDOWS\System32\bcryptPrimitives.dll
0x00007ffb9a0c0000 - 0x00007ffb9a0ee000 	C:\WINDOWS\System32\IMM32.DLL
0x0000000075a20000 - 0x0000000075af2000 	C:\Program Files\Java\jdk1.8.0_181\jre\bin\msvcr100.dll
0x00000000745e0000 - 0x0000000074e82000 	C:\Program Files\Java\jdk1.8.0_181\jre\bin\server\jvm.dll
0x00007ffb9ac10000 - 0x00007ffb9ac18000 	C:\WINDOWS\System32\PSAPI.DLL
0x00007ffb97780000 - 0x00007ffb97789000 	C:\WINDOWS\SYSTEM32\WSOCK32.dll
0x00007ffb9acc0000 - 0x00007ffb9ad2f000 	C:\WINDOWS\System32\WS2_32.dll
0x00007ffb93d60000 - 0x00007ffb93d84000 	C:\WINDOWS\SYSTEM32\WINMM.dll
0x00007ffb90af0000 - 0x00007ffb90afa000 	C:\WINDOWS\SYSTEM32\VERSION.dll
0x00007ffb93d30000 - 0x00007ffb93d5d000 	C:\WINDOWS\SYSTEM32\WINMMBASE.dll
0x00007ffb98f70000 - 0x00007ffb98fba000 	C:\WINDOWS\System32\cfgmgr32.dll
0x0000000075a10000 - 0x0000000075a1f000 	C:\Program Files\Java\jdk1.8.0_181\jre\bin\verify.dll
0x00000000745b0000 - 0x00000000745d9000 	C:\Program Files\Java\jdk1.8.0_181\jre\bin\java.dll
0x0000000074520000 - 0x0000000074543000 	C:\Program Files\Java\jdk1.8.0_181\jre\bin\instrument.dll
0x0000000074590000 - 0x00000000745a6000 	C:\Program Files\Java\jdk1.8.0_181\jre\bin\zip.dll
0x00007ffb9afa0000 - 0x00007ffb9b687000 	C:\WINDOWS\System32\SHELL32.dll
0x00007ffb9ae90000 - 0x00007ffb9af39000 	C:\WINDOWS\System32\shcore.dll
0x00007ffb99130000 - 0x00007ffb998b1000 	C:\WINDOWS\System32\windows.storage.dll
0x00007ffb98ca0000 - 0x00007ffb98cc3000 	C:\WINDOWS\System32\profapi.dll
0x00007ffb98cf0000 - 0x00007ffb98d3a000 	C:\WINDOWS\System32\powrprof.dll
0x00007ffb98c90000 - 0x00007ffb98ca0000 	C:\WINDOWS\System32\UMPDC.dll
0x00007ffb9b690000 - 0x00007ffb9b6e2000 	C:\WINDOWS\System32\shlwapi.dll
0x00007ffb98d40000 - 0x00007ffb98d51000 	C:\WINDOWS\System32\kernel.appcore.dll
0x00007ffb99110000 - 0x00007ffb99127000 	C:\WINDOWS\System32\cryptsp.dll
0x00007ffb6ff70000 - 0x00007ffb6ff8a000 	D:\INSTALL\IntelliJ IDEA 2020.2.3\bin\breakgen64.dll
0x0000000074570000 - 0x000000007458a000 	C:\Program Files\Java\jdk1.8.0_181\jre\bin\net.dll
0x00007ffb984a0000 - 0x00007ffb98507000 	C:\WINDOWS\system32\mswsock.dll
0x00007ffb98010000 - 0x00007ffb98043000 	C:\WINDOWS\system32\rsaenh.dll
0x00007ffb98d90000 - 0x00007ffb98db6000 	C:\WINDOWS\System32\bcrypt.dll
0x00007ffb98bb0000 - 0x00007ffb98bd5000 	C:\WINDOWS\SYSTEM32\USERENV.dll
0x00007ffb98640000 - 0x00007ffb9864c000 	C:\WINDOWS\SYSTEM32\CRYPTBASE.dll
0x00007ffb981b0000 - 0x00007ffb981ea000 	C:\WINDOWS\SYSTEM32\IPHLPAPI.DLL
0x00007ffb9a920000 - 0x00007ffb9a928000 	C:\WINDOWS\System32\NSI.dll
0x00007ffb8edb0000 - 0x00007ffb8edc6000 	C:\WINDOWS\SYSTEM32\dhcpcsvc6.DLL
0x00007ffb8ed90000 - 0x00007ffb8edac000 	C:\WINDOWS\SYSTEM32\dhcpcsvc.DLL
0x00007ffb98200000 - 0x00007ffb982cb000 	C:\WINDOWS\SYSTEM32\DNSAPI.dll
0x0000000074550000 - 0x0000000074561000 	C:\Program Files\Java\jdk1.8.0_181\jre\bin\nio.dll
0x00007ffb94c30000 - 0x00007ffb94c3a000 	C:\Users\roman\AppData\Local\Temp\jansi-1.17.1-7647082703872268322.dll
0x00007ffb915c0000 - 0x00007ffb915ca000 	C:\Users\roman\AppData\Local\Temp\jansi-1.17.1-7305756294486169412.dll

VM Arguments:
jvm_args: -Dmaven.multiModuleProjectDirectory=D:\Projects\example2\example2 -Dmaven.home=D:\INSTALL\IntelliJ IDEA 2020.2.3\plugins\maven\lib\maven3 -Dclassworlds.conf=D:\INSTALL\IntelliJ IDEA 2020.2.3\plugins\maven\lib\maven3\bin\m2.conf -Dmaven.ext.class.path=D:\INSTALL\IntelliJ IDEA 2020.2.3\plugins\maven\lib\maven-event-listener.jar -javaagent:D:\INSTALL\IntelliJ IDEA 2020.2.3\lib\idea_rt.jar=57781:D:\INSTALL\IntelliJ IDEA 2020.2.3\bin -Dfile.encoding=UTF-8 
java_command: org.codehaus.classworlds.Launcher -Didea.version=2020.2.3 org.springframework.boot:spring-boot-maven-plugin:2.3.3.RELEASE:run
java_class_path (initial): D:\INSTALL\IntelliJ IDEA 2020.2.3\plugins\maven\lib\maven3\boot\plexus-classworlds-2.6.0.jar;D:\INSTALL\IntelliJ IDEA 2020.2.3\plugins\maven\lib\maven3\boot\plexus-classworlds.license;D:\INSTALL\IntelliJ IDEA 2020.2.3\lib\idea_rt.jar
Launcher Type: SUN_STANDARD

Environment Variables:
JAVA_HOME=C:\Program Files\Java\jdk1.8.0_271
PATH=C:\Program Files (x86)\Common Files\Oracle\Java\javapath;C:\Program Files (x86)\Intel\iCLS Client\;C:\Program Files\Intel\iCLS Client\;C:\WINDOWS\system32;C:\WINDOWS;C:\WINDOWS\System32\Wbem;C:\WINDOWS\System32\WindowsPowerShell\v1.0\;C:\Program Files (x86)\Intel\Intel(R) Management Engine Components\DAL;C:\Program Files\Intel\Intel(R) Management Engine Components\DAL;C:\Program Files (x86)\Intel\Intel(R) Management Engine Components\IPT;C:\Program Files\Intel\Intel(R) Management Engine Components\IPT;C:\Program Files\Intel\WiFi\bin\;C:\Program Files\Common Files\Intel\WirelessCommon\;C:\WINDOWS\System32\OpenSSH\;C:\Phyton27\;D:\TOOLS\mercurial\;D:\TOOLS\apache-maven-3.5.4-bin\apache-maven-3.5.4\bin;C:\Program Files\Git\bin;C:\Program Files\Java\jdk1.8.0_181\bin;D:\Projects\apache-tomcat-9.0.21-windows-x64\apache-tomcat-9.0.21\bin;C:\Windows\twain_32\CNQL60;C:\Program Files\Java\jdk1.8.0_271\bin;C:\Applications\Atlassian\atlassian-plugin-sdk-8.0.16\bin;D:\INSTALL\nodejs\;;C:\Program Files\Docker\Docker\resources\bin;C:\ProgramData\DockerDesktop\version-bin;C:\Program Files\MySQL\MySQL Shell 8.0\bin\;C:\Users\roman\AppData\Local\Microsoft\WindowsApps;D:\TOOLS\Microsoft VS Code\bin;C:\Windows\twain_32\CNQL60;C:\Windows\twain_32;C:\Applications\Atlassian\atlassian-plugin-sdk-8.0.16\bin;C:\Users\roman\AppData\Roaming\npm
USERNAME=roman
OS=Windows_NT
PROCESSOR_IDENTIFIER=Intel64 Family 6 Model 78 Stepping 3, GenuineIntel



---------------  S Y S T E M  ---------------

OS: Windows 10.0 , 64 bit Build 18362 (10.0.18362.1110)

CPU:total 4 (initial active 4) (2 cores per cpu, 2 threads per core) family 6 model 78 stepping 3, cmov, cx8, fxsr, mmx, sse, sse2, sse3, ssse3, sse4.1, sse4.2, popcnt, avx, avx2, aes, clmul, erms, 3dnowpref, lzcnt, ht, tsc, tscinvbit, bmi1, bmi2, adx

Memory: 4k page, physical 8285204k(515892k free), swap 24060948k(4716k free)

vm_info: Java HotSpot(TM) 64-Bit Server VM (25.181-b13) for windows-amd64 JRE (1.8.0_181-b13), built on Jul  7 2018 04:01:33 by "java_re" with MS VC++ 10.0 (VS2010)

time: Wed Dec 09 11:43:48 2020
elapsed time: 3 seconds (0d 0h 0m 3s)

